<?xml version="1.0" encoding="UTF-8"?>
<!-- Generated by org.testng.reporters.JUnitReportReporter -->
<testsuite hostname="DESKTOP-DH3RD78" failures="0" tests="1" name="com.qa.keyword.tests.LoginTest" time="8.888" errors="0" timestamp="2022-12-19T12:55:02 IST" skipped="0">
  <testcase classname="com.qa.keyword.tests.LoginTest" name="loginTest" time="8.888"/>
  <system-out/>
</testsuite> <!-- com.qa.keyword.tests.LoginTest -->
